生成启动时间为 2017/4/13 17:44:27。
     1>项目“D:\git_repository\Project\AppL\AppL\AppL.vcxproj”在节点 2 上(Build 个目标)。
     1>ClCompile:
         D:\Microsoft Visual Studio 12.0\VC\bin\CL.exe /c /ZI /nologo /W3 /WX- /sdl /Od /Oy- /D WIN32 /D _DEBUG /D _CONSOLE /D _LIB /D _UNICODE /D UNICODE /Gm /EHsc /RTC1 /MDd /GS /fp:precise /Zc:wchar_t /Zc:forScope /Fo"Debug\\" /Fd"Debug\vc120.pdb" /Gd /TP /analyze- /errorReport:prompt src\main.cpp
         main.cpp
     1>d:\git_repository\project\appl\appl\src\main.cpp(21): warning C4018: “<”: 有符号/无符号不匹配
     1>d:\git_repository\project\appl\appl\src\main.cpp(41): warning C4305: “初始化”: 从“double”到“float”截断
     1>d:\git_repository\project\appl\appl\src\main.cpp(97): warning C4018: “<”: 有符号/无符号不匹配
     1>d:\git_repository\project\appl\appl\src\main.cpp(99): warning C4244: “+=”: 从“const float”转换到“int”，可能丢失数据
     1>d:\git_repository\project\appl\appl\src\main.cpp(100): warning C4244: “+=”: 从“const float”转换到“int”，可能丢失数据
     1>d:\git_repository\project\appl\appl\src\main.cpp(111): warning C4018: “<”: 有符号/无符号不匹配
     1>d:\git_repository\project\appl\appl\src\main.cpp(113): warning C4244: “+=”: 从“const float”转换到“int”，可能丢失数据
     1>d:\git_repository\project\appl\appl\src\main.cpp(114): warning C4244: “+=”: 从“const float”转换到“int”，可能丢失数据
     1>d:\git_repository\project\appl\appl\src\main.cpp(127): warning C4018: “<”: 有符号/无符号不匹配
     1>d:\git_repository\project\appl\appl\src\main.cpp(129): warning C4244: “+=”: 从“const float”转换到“int”，可能丢失数据
     1>d:\git_repository\project\appl\appl\src\main.cpp(130): warning C4244: “+=”: 从“const float”转换到“int”，可能丢失数据
       Link:
         D:\Microsoft Visual Studio 12.0\VC\bin\link.exe /ERRORREPORT:PROMPT /OUT:"D:\git_repository\Project\AppL\Debug\AppL.exe" /INCREMENTAL /NOLOGO opencv_contrib2413d.lib opencv_core2413d.lib opencv_features2d2413d.lib opencv_flann2413d.lib opencv_gpu2413d.lib opencv_highgui2413d.lib opencv_imgproc2413d.lib opencv_legacy2413d.lib opencv_ml2413d.lib opencv_nonfree2413d.lib opencv_objdetect2413d.lib opencv_ocl2413d.lib opencv_photo2413d.lib opencv_stitching2413d.lib opencv_superres2413d.lib opencv_ts2413d.lib opencv_video2413d.lib opencv_videostab2413d.lib opencv_calib3d2413.lib opencv_contrib2413.lib opencv_core2413.lib opencv_features2d2413.lib opencv_flann2413.lib opencv_gpu2413.lib opencv_highgui2413.lib opencv_imgproc2413.lib opencv_legacy2413.lib opencv_ml2413.lib opencv_nonfree2413.lib opencv_objdetect2413.lib opencv_ocl2413.lib opencv_photo2413.lib opencv_stitching2413.lib opencv_superres2413.lib opencv_ts2413.lib opencv_video2413.lib opencv_videostab2413.lib kernel32.lib user32.lib gdi32.lib winspool.lib comdlg32.lib advapi32.lib shell32.lib ole32.lib oleaut32.lib uuid.lib odbc32.lib odbccp32.lib /MANIFEST /MANIFESTUAC:"level='asInvoker' uiAccess='false'" /manifest:embed /DEBUG /PDB:"D:\git_repository\Project\AppL\Debug\AppL.pdb" /SUBSYSTEM:CONSOLE /TLBID:1 /DYNAMICBASE /NXCOMPAT /IMPLIB:"D:\git_repository\Project\AppL\Debug\AppL.lib" /MACHINE:X86 Debug\main.obj
         AppL.vcxproj -> D:\git_repository\Project\AppL\Debug\AppL.exe
     1>已完成生成项目“D:\git_repository\Project\AppL\AppL\AppL.vcxproj”(Build 个目标)的操作。

生成成功。

已用时间 00:00:01.57
